0	1	mikroCARM.exe -MSF -DBG -pSTM32F107VC -RA -BIN -LHF -DL -SSA -O11111114 -fo72 -N"D:\Clicks_git\I\IRGrid_3_Click\SW\example\c\ARM\STM\Click_IRGrid3_STM.mcpar" -SP"C:\Users\Public\Documents\Mikroelektronika\mikroC PRO for ARM\Defs\" -SP"C:\Users\Public\Documents\Mikroelektronika\mikroC PRO for ARM\Uses\ST M3\" -SP"D:\Clicks_git\I\IRGrid_3_Click\SW\example\c\ARM\STM\" -SP"D:\Clicks_git\I\IRGrid_3_Click\SW\library\HAL\" -SP"D:\Clicks_git\I\IRGrid_3_Click\SW\library\" -SP"C:\Users\Public\Documents\Mikroelektronika\mikroC PRO for ARM\Packages\mikroBUS Board Definition API\Uses\" -IP"C:\Users\Public\Documents\Mikroelektronika\mikroC PRO for ARM\Uses\ST M3\" -IP"D:\Clicks_git\I\IRGrid_3_Click\SW\example\c\ARM\STM\" -IP"D:\Clicks_git\I\IRGrid_3_Click\SW\library\" -IP"D:\Clicks_git\I\IRGrid_3_Click\SW\library\HAL\" -IP"C:\Users\Public\Documents\Mikroelektronika\mikroC PRO for ARM\Packages\mikroBUS Board Definition API\Uses\" "Click_IRGrid3_STM.c" "__irgrid3_driver.c" "__Lib_Math.emcl" "__Lib_MathDouble.emcl" "__Lib_Delays.emcl" "__Lib_System_105_107.emcl" "__Lib_GPIO_32F10x_Defs.emcl" "__Lib_GPIO_32F10x.emcl" "__Lib_CString.emcl" "__Lib_Conversions.emcl" "__Lib_I2C_12.emcl" "__Lib_UART_123_45.emcl" "easymx_v7_STM32F107VC.emcl" "Click_IRGrid3.pld"	 
diagnostics: 0	122	Compilation Started	STM32F107VC.c
diagnostics: 38838	123	Compiled Successfully	STM32F107VC.c
diagnostics: 0	122	Compilation Started	__Lib_Delays.c
diagnostics: 118	123	Compiled Successfully	__Lib_Delays.c
hint: 66	1164	Variable 'cycles_div_by_10' has been eliminated by optimizer	__Lib_Delays.c
hint: 87	1164	Variable 'NumberOfCyc' has been eliminated by optimizer	__Lib_Delays.c
hint: 104	1164	Variable 'NumberOfCyc' has been eliminated by optimizer	__Lib_Delays.c
diagnostics: 0	122	Compilation Started	__lib_gpio.h
diagnostics: 814	123	Compiled Successfully	__Lib_GPIO_32F10x_Defs.c
diagnostics: 0	122	Compilation Started	stdint.h
diagnostics: 349	123	Compiled Successfully	easymx_v7_STM32F107VC.c
diagnostics: 0	122	Compilation Started	stdint.h
error: 88	397	typdef name redefined: 'T_irgrid3_params'	__irgrid3_driver.h
diagnostics: 0	122	Compilation Started	stdint.h
diagnostics: 1417	123	Compiled Successfully	__irgrid3_driver.c
hint: 323	1164	Variable 'tmp' has been eliminated by optimizer	__irgrid3_driver.c
hint: 84	1164	Variable 'tmp' has been eliminated by optimizer	__irgrid3_driver.c
hint: 101	1164	Variable 'ptr' has been eliminated by optimizer	__irgrid3_driver.c
hint: 109	1164	Variable 'ptr' has been eliminated by optimizer	__irgrid3_driver.c
hint: 268	1164	Variable 'deviceSelect' has been eliminated by optimizer	__irgrid3_driver.c
hint: 354	1164	Variable 'resolutionEE' has been eliminated by optimizer	__irgrid3_driver.c
hint: 625	1164	Variable 'split' has been eliminated by optimizer	__irgrid3_driver.c
hint: 680	1164	Variable 'ktaScale1' has been eliminated by optimizer	__irgrid3_driver.c
hint: 681	1164	Variable 'kvScale' has been eliminated by optimizer	__irgrid3_driver.c
hint: 951	1164	Variable 'dataCnt' has been eliminated by optimizer	__irgrid3_driver.c
hint: 1007	1164	Variable '_Ta' has been eliminated by optimizer	__irgrid3_driver.c
hint: 1077	1164	Variable 'resolutionRAM' has been eliminated by optimizer	__irgrid3_driver.c
hint: 1098	1164	Variable 'refreshRate' has been eliminated by optimizer	__irgrid3_driver.c
hint: 1108	1164	Variable 'value' has been eliminated by optimizer	__irgrid3_driver.c
hint: 1118	1164	Variable 'value' has been eliminated by optimizer	__irgrid3_driver.c
hint: 1128	1164	Variable 'modeRAM' has been eliminated by optimizer	__irgrid3_driver.c
hint: 1142	1164	Variable 'ta' has been eliminated by optimizer	__irgrid3_driver.c
hint: 1306	1164	Variable 'alphaCompensated' has been eliminated by optimizer	__irgrid3_driver.c
hint: 1312	1164	Variable 'image' has been eliminated by optimizer	__irgrid3_driver.c
hint: 1403	1164	Variable 'resolutionCorrection' has been eliminated by optimizer	__irgrid3_driver.c
error: 0	102	Finished (with errors): 26 sep 2018, 08:12:51	Click_IRGrid3_STM.mcpar
